2026-06-26 18:34:03.452 [http-nio-8080-exec-10] INFO  o.s.a.t.splitter.TextSplitter [8c4dc0d7] — Splitting up document into 2 chunks.
2026-06-26 18:34:03.455 [http-nio-8080-exec-10] INFO  c.e.d.a.s.KnowledgeServiceImpl [8c4dc0d7] — 文件 [file] 解析完成，共 2 个分块
2026-06-26 18:34:04.337 [http-nio-8080-exec-10] INFO  c.e.d.a.s.KnowledgeServiceImpl [8c4dc0d7] — 知识库添加成功: file=file, chunks=2
2026-06-26 18:34:04.338 [http-nio-8080-exec-10] INFO  c.e.d.ai.controller.MilvusController [8c4dc0d7] — 文件上传成功: file
2026-06-26 18:36:19.322 [http-nio-8080-exec-2] INFO  c.e.d.ai.controller.SkillController [997b15dd] — 保存技能到: /Users/xiaozhang/project/AIDemo/backent/skills/upload/jjj
2026-06-26 18:36:19.327 [http-nio-8080-exec-2] DEBUG c.e.demo.ai.skill.SkillRegistry [997b15dd] — 加载技能: stop-slop ← /Users/xiaozhang/project/AIDemo/backent/skills/system/stop-slop/SKILL.md
2026-06-26 18:36:19.328 [http-nio-8080-exec-2] DEBUG c.e.demo.ai.skill.SkillRegistry [997b15dd] — 加载技能: jjj ← /Users/xiaozhang/project/AIDemo/backent/skills/upload/jjj/SKILL.md
2026-06-26 18:36:19.328 [http-nio-8080-exec-2] DEBUG c.e.demo.ai.skill.SkillRegistry [997b15dd] — 加载技能: kk ← /Users/xiaozhang/project/AIDemo/backent/skills/upload/kk/SKILL.md
2026-06-26 18:36:19.329 [http-nio-8080-exec-2] DEBUG c.e.demo.ai.skill.SkillRegistry [997b15dd] — 加载技能: jhhh ← /Users/xiaozhang/project/AIDemo/backent/skills/upload/jhhh/SKILL.md
2026-06-26 18:36:19.329 [http-nio-8080-exec-2] DEBUG c.e.demo.ai.skill.SkillRegistry [997b15dd] — 加载技能: find-skills ← /Users/xiaozhang/project/AIDemo/backent/skills/upload/aaa/SKILL.md
2026-06-26 18:36:19.330 [http-nio-8080-exec-2] DEBUG c.e.demo.ai.skill.SkillRegistry [997b15dd] — 加载技能: find-skills ← /Users/xiaozhang/project/AIDemo/backent/skills/upload/find-skill-1/SKILL.md
2026-06-26 18:36:19.330 [http-nio-8080-exec-2] INFO  c.e.demo.ai.skill.SkillRegistry [997b15dd] — 技能目录: /Users/xiaozhang/project/AIDemo/backent/skills  (系统: /Users/xiaozhang/project/AIDemo/backent/skills/system, 上传: /Users/xiaozhang/project/AIDemo/backent/skills/upload)
2026-06-26 18:36:19.330 [http-nio-8080-exec-2] INFO  c.e.demo.ai.skill.SkillRegistry [997b15dd] — 已加载 5 个技能（系统: 1, 用户: 4）
2026-06-26 18:36:19.330 [http-nio-8080-exec-2] INFO  c.e.d.ai.controller.SkillController [997b15dd] — 技能上传成功: jjj
2026-06-26 21:11:47.200 [http-nio-8080-exec-4] INFO  c.e.d.ai.controller.SkillController [efd04b3f] — 保存技能到: /Users/xiaozhang/project/AIDemo/backent/skills/upload/fhf
2026-06-26 21:11:47.205 [http-nio-8080-exec-4] DEBUG c.e.demo.ai.skill.SkillRegistry [efd04b3f] — 加载技能: stop-slop ← /Users/xiaozhang/project/AIDemo/backent/skills/system/stop-slop/SKILL.md
2026-06-26 21:11:47.206 [http-nio-8080-exec-4] DEBUG c.e.demo.ai.skill.SkillRegistry [efd04b3f] — 加载技能: jjj ← /Users/xiaozhang/project/AIDemo/backent/skills/upload/jjj/SKILL.md
2026-06-26 21:11:47.207 [http-nio-8080-exec-4] DEBUG c.e.demo.ai.skill.SkillRegistry [efd04b3f] — 加载技能: kk ← /Users/xiaozhang/project/AIDemo/backent/skills/upload/kk/SKILL.md
2026-06-26 21:11:47.207 [http-nio-8080-exec-4] DEBUG c.e.demo.ai.skill.SkillRegistry [efd04b3f] — 加载技能: jhhh ← /Users/xiaozhang/project/AIDemo/backent/skills/upload/jhhh/SKILL.md
2026-06-26 21:11:47.208 [http-nio-8080-exec-4] DEBUG c.e.demo.ai.skill.SkillRegistry [efd04b3f] — 加载技能: find-skills ← /Users/xiaozhang/project/AIDemo/backent/skills/upload/aaa/SKILL.md
2026-06-26 21:11:47.208 [http-nio-8080-exec-4] DEBUG c.e.demo.ai.skill.SkillRegistry [efd04b3f] — 加载技能: find-skills ← /Users/xiaozhang/project/AIDemo/backent/skills/upload/fhf/SKILL.md
2026-06-26 21:11:47.209 [http-nio-8080-exec-4] DEBUG c.e.demo.ai.skill.SkillRegistry [efd04b3f] — 加载技能: find-skills ← /Users/xiaozhang/project/AIDemo/backent/skills/upload/find-skill-1/SKILL.md
2026-06-26 21:11:47.209 [http-nio-8080-exec-4] INFO  c.e.demo.ai.skill.SkillRegistry [efd04b3f] — 技能目录: /Users/xiaozhang/project/AIDemo/backent/skills  (系统: /Users/xiaozhang/project/AIDemo/backent/skills/system, 上传: /Users/xiaozhang/project/AIDemo/backent/skills/upload)
2026-06-26 21:11:47.209 [http-nio-8080-exec-4] INFO  c.e.demo.ai.skill.SkillRegistry [efd04b3f] — 已加载 5 个技能（系统: 1, 用户: 4）
2026-06-26 21:11:47.209 [http-nio-8080-exec-4] INFO  c.e.d.ai.controller.SkillController [efd04b3f] — 技能上传成功: fhf
2026-06-26 21:13:22.011 [http-nio-8080-exec-6] INFO  c.e.d.a.serviceImpl.WebsocketService [no-trace] — WebSocket 连接已建立, chatId=a15e4e59-6339-4f64-b926-6f584a9e97d1
2026-06-26 21:13:23.313 [http-nio-8080-exec-7] WARN  c.e.d.a.serviceImpl.WebsocketService [no-trace] — 未知消息类型: stop
2026-06-26 21:13:23.315 [http-nio-8080-exec-7] INFO  c.e.d.a.serviceImpl.WebsocketService [no-trace] — WebSocket 连接关闭, chatId=a15e4e59-6339-4f64-b926-6f584a9e97d1
2026-06-26 21:13:23.315 [http-nio-8080-exec-7] WARN  c.e.d.a.serviceImpl.WebsocketService [no-trace] — WebSocket 会话不可用, chatId=a15e4e59-6339-4f64-b926-6f584a9e97d1, 跳过消息
